> Task :app:preBuild UP-TO-DATE
> Task :app:preDebugBuild UP-TO-DATE
> Task :app:mergeDebugNativeDebugMetadata NO-SOURCE
> Task :app:checkKotlinGradlePluginConfigurationErrors
> Task :app:checkDebugAarMetadata UP-TO-DATE
> Task :app:generateDebugResValues UP-TO-DATE
> Task :app:mapDebugSourceSetPaths UP-TO-DATE
> Task :app:generateDebugResources UP-TO-DATE
> Task :app:mergeDebugResources UP-TO-DATE
> Task :app:packageDebugResources UP-TO-DATE
> Task :app:parseDebugLocalResources UP-TO-DATE
> Task :app:createDebugCompatibleScreenManifests UP-TO-DATE
> Task :app:extractDeepLinksDebug UP-TO-DATE

> Task :app:processDebugMainManifest
package="cc.astron" found in source AndroidManifest.xml: /app/app/src/main/AndroidManifest.xml.
Setting the namespace via the package attribute in the source AndroidManifest.xml is no longer supported, and the value is ignored.
Recommendation: remove package="cc.astron" from the source AndroidManifest.xml: /app/app/src/main/AndroidManifest.xml.

> Task :app:processDebugManifest
> Task :app:javaPreCompileDebug UP-TO-DATE
> Task :app:mergeDebugShaders UP-TO-DATE
> Task :app:compileDebugShaders NO-SOURCE
> Task :app:generateDebugAssets UP-TO-DATE
> Task :app:mergeDebugAssets UP-TO-DATE
> Task :app:compressDebugAssets UP-TO-DATE
> Task :app:checkDebugDuplicateClasses UP-TO-DATE
> Task :app:desugarDebugFileDependencies UP-TO-DATE
> Task :app:mergeExtDexDebug UP-TO-DATE
> Task :app:mergeLibDexDebug UP-TO-DATE
> Task :app:mergeDebugJniLibFolders UP-TO-DATE
> Task :app:mergeDebugNativeLibs NO-SOURCE
> Task :app:stripDebugDebugSymbols NO-SOURCE
> Task :app:validateSigningDebug UP-TO-DATE
> Task :app:writeDebugAppMetadata
> Task :app:writeDebugSigningConfigVersions
> Task :app:processDebugManifestForPackage
> Task :app:processDebugResources
> Task :app:kaptGenerateStubsDebugKotlin

> Task :app:kaptDebugKotlin
/app/app/build/tmp/kapt3/stubs/debug/cc/astron/db/AstronDatabase.java:5: warning: Schema export directory was not provided to the annotation processor so Room cannot export the schema. You can either provide `room.schemaLocation` annotation processor argument by applying the Room Gradle plugin (id 'androidx.room') OR set exportSchema to false.
public abstract class AstronDatabase extends androidx.room.RoomDatabase {
                ^

> Task :app:compileDebugKotlin
w: file:///app/app/src/main/java/cc/astron/ui/AccountFragment.kt:55:48 Parameter 'btnLogin' is never used
w: file:///app/app/src/main/java/cc/astron/ui/player/PlaybackService.kt:12:38 'ExoPlayer' is deprecated. Deprecated in Java
w: file:///app/app/src/main/java/cc/astron/ui/player/PlaybackService.kt:17:17 'ExoPlayer' is deprecated. Deprecated in Java
w: file:///app/app/src/main/java/cc/astron/ui/player/PlayerActivity.kt:19:38 'ExoPlayer' is deprecated. Deprecated in Java
w: file:///app/app/src/main/java/cc/astron/ui/player/PlayerActivity.kt:20:38 'MediaItem' is deprecated. Deprecated in Java
w: file:///app/app/src/main/java/cc/astron/ui/player/PlayerActivity.kt:21:38 'Player' is deprecated. Deprecated in Java
w: file:///app/app/src/main/java/cc/astron/ui/player/PlayerActivity.kt:22:49 'OkHttpDataSource' is deprecated. Deprecated in Java
w: file:///app/app/src/main/java/cc/astron/ui/player/PlayerActivity.kt:23:45 'DefaultMediaSourceFactory' is deprecated. Deprecated in Java
w: file:///app/app/src/main/java/cc/astron/ui/player/PlayerActivity.kt:24:41 'StyledPlayerView' is deprecated. Deprecated in Java
w: file:///app/app/src/main/java/cc/astron/ui/player/PlayerActivity.kt:29:25 'ExoPlayer' is deprecated. Deprecated in Java
w: file:///app/app/src/main/java/cc/astron/ui/player/PlayerActivity.kt:57:25 'StyledPlayerView' is deprecated. Deprecated in Java
w: file:///app/app/src/main/java/cc/astron/ui/player/PlayerActivity.kt:63:33 'OkHttpDataSource' is deprecated. Deprecated in Java
w: file:///app/app/src/main/java/cc/astron/ui/player/PlayerActivity.kt:64:34 'DefaultMediaSourceFactory' is deprecated. Deprecated in Java
w: file:///app/app/src/main/java/cc/astron/ui/player/PlayerActivity.kt:66:18 'ExoPlayer' is deprecated. Deprecated in Java
w: file:///app/app/src/main/java/cc/astron/ui/player/PlayerActivity.kt:79:25 'MediaItem' is deprecated. Deprecated in Java
w: file:///app/app/src/main/java/cc/astron/ui/player/PlayerActivity.kt:111:38 'Player' is deprecated. Deprecated in Java
w: file:///app/app/src/main/java/cc/astron/ui/player/PlayerActivity.kt:113:30 'Player' is deprecated. Deprecated in Java
w: file:///app/app/src/main/java/cc/astron/ui/player/PlayerActivity.kt:114:30 'Player' is deprecated. Deprecated in Java
w: file:///app/app/src/main/java/cc/astron/ui/player/PlayerActivity.kt:120:43 'Player' is deprecated. Deprecated in Java
w: file:///app/app/src/main/java/cc/astron/ui/player/PlayerActivity.kt:120:59 'Player' is deprecated. Deprecated in Java
w: file:///app/app/src/main/java/cc/astron/ui/player/PlayerActivity.kt:121:37 'Player' is deprecated. Deprecated in Java
w: file:///app/app/src/main/java/cc/astron/ui/player/PlayerActivity.kt:121:93 'Player' is deprecated. Deprecated in Java
w: file:///app/app/src/main/java/cc/astron/ui/player/PlayerActivity.kt:153:37 Parameter 'which' is never used, could be renamed to _
w: file:///app/app/src/main/java/cc/astron/ui/player/StreamController.kt:3:38 'ExoPlayer' is deprecated. Deprecated in Java
w: file:///app/app/src/main/java/cc/astron/ui/player/StreamController.kt:4:53 'DefaultTrackSelector' is deprecated. Deprecated in Java
w: file:///app/app/src/main/java/cc/astron/ui/player/StreamController.kt:6:44 'ExoPlayer' is deprecated. Deprecated in Java
w: file:///app/app/src/main/java/cc/astron/ui/player/StreamController.kt:9:54 'DefaultTrackSelector' is deprecated. Deprecated in Java
w: file:///app/app/src/main/java/cc/astron/ui/player/StreamController.kt:17:54 'DefaultTrackSelector' is deprecated. Deprecated in Java
w: file:///app/app/src/main/java/cc/astron/ui/player/StreamController.kt:26:54 'DefaultTrackSelector' is deprecated. Deprecated in Java
w: file:///app/app/src/main/java/cc/astron/ui/player/StreamController.kt:35:13 Variable 'headers' is never used
w: file:///app/app/src/main/java/cc/astron/ui/player/StreamController.kt:40:54 'DefaultTrackSelector' is deprecated. Deprecated in Java
w: file:///app/app/src/main/java/cc/astron/ui/player/StreamController.kt:42:65 'C' is deprecated. Deprecated in Java
w: file:///app/app/src/main/java/cc/astron/ui/player/SubtitleController.kt:3:38 'ExoPlayer' is deprecated. Deprecated in Java
w: file:///app/app/src/main/java/cc/astron/ui/player/SubtitleController.kt:4:53 'DefaultTrackSelector' is deprecated. Deprecated in Java
w: file:///app/app/src/main/java/cc/astron/ui/player/SubtitleController.kt:5:41 'CaptionStyleCompat' is deprecated. Deprecated in Java
w: file:///app/app/src/main/java/cc/astron/ui/player/SubtitleController.kt:7:38 'C' is deprecated. Deprecated in Java
w: file:///app/app/src/main/java/cc/astron/ui/player/SubtitleController.kt:9:76 'ExoPlayer' is deprecated. Deprecated in Java
w: file:///app/app/src/main/java/cc/astron/ui/player/SubtitleController.kt:11:26 Parameter 'style' is never used
w: file:///app/app/src/main/java/cc/astron/ui/player/SubtitleController.kt:11:33 'CaptionStyleCompat' is deprecated. Deprecated in Java
w: file:///app/app/src/main/java/cc/astron/ui/player/SubtitleController.kt:16:54 'DefaultTrackSelector' is deprecated. Deprecated in Java
w: file:///app/app/src/main/java/cc/astron/ui/player/SubtitleController.kt:18:35 'C' is deprecated. Deprecated in Java
w: file:///app/app/src/main/java/cc/astron/utils/SponsorBlockInterceptor.kt:45:13 Variable 'url' is never used

> Task :app:compileDebugJavaWithJavac
warning: [options] source value 8 is obsolete and will be removed in a future release
warning: [options] target value 8 is obsolete and will be removed in a future release
warning: [options] To suppress warnings about obsolete options, use -Xlint:-options.
3 warnings

> Task :app:processDebugJavaRes
> Task :app:mergeDebugJavaResource
> Task :app:dexBuilderDebug
> Task :app:mergeProjectDexDebug
> Task :app:packageDebug
> Task :app:createDebugApkListingFileRedirect
> Task :app:assembleDebug

Deprecated Gradle features were used in this build, making it incompatible with Gradle 9.0.

You can use '--warning-mode all' to show the individual deprecation warnings and determine if they come from your own scripts or plugins.

For more on this, please refer to https://docs.gradle.org/8.8/userguide/command_line_interface.html#sec:command_line_warnings in the Gradle documentation.

BUILD SUCCESSFUL in 1m 1s
35 actionable tasks: 17 executed, 18 up-to-date
